c:\users\g4rb3n\source\repos\mtdriver_killprocess\mtdriver_killprocess\debug\vc141.pdb
c:\users\g4rb3n\source\repos\mtdriver_killprocess\mtdriver_killprocess\debug\mian.obj
c:\users\g4rb3n\source\repos\mtdriver_killprocess\debug\mtdriver_killprocess\mtdriver_killprocess.cat
c:\users\g4rb3n\source\repos\mtdriver_killprocess\debug\mtdriver_killprocess.sys
c:\users\g4rb3n\source\repos\mtdriver_killprocess\debug\mtdriver_killprocess.pdb
c:\users\g4rb3n\source\repos\mtdriver_killprocess\mtdriver_killprocess\debug\mtdriver_killprocess.inf
c:\users\g4rb3n\source\repos\mtdriver_killprocess\debug\mtdriver_killprocess.cer
c:\users\g4rb3n\source\repos\mtdriver_killprocess\debug\mtdriver_killprocess.inf
c:\users\g4rb3n\source\repos\mtdriver_killprocess\mtdriver_killprocess\debug\mtdriver.6b0af623.tlog\cl.command.1.tlog
c:\users\g4rb3n\source\repos\mtdriver_killprocess\mtdriver_killprocess\debug\mtdriver.6b0af623.tlog\cl.read.1.tlog
c:\users\g4rb3n\source\repos\mtdriver_killprocess\mtdriver_killprocess\debug\mtdriver.6b0af623.tlog\cl.write.1.tlog
c:\users\g4rb3n\source\repos\mtdriver_killprocess\mtdriver_killprocess\debug\mtdriver.6b0af623.tlog\inf2cat-expand.14196.read.1.tlog
c:\users\g4rb3n\source\repos\mtdriver_killprocess\mtdriver_killprocess\debug\mtdriver.6b0af623.tlog\inf2cat-expand.14196.write.1.tlog
c:\users\g4rb3n\source\repos\mtdriver_killprocess\mtdriver_killprocess\debug\mtdriver.6b0af623.tlog\inf2cat-expand.read.1.tlog
c:\users\g4rb3n\source\repos\mtdriver_killprocess\mtdriver_killprocess\debug\mtdriver.6b0af623.tlog\inf2cat-expand.write.1.tlog
c:\users\g4rb3n\source\repos\mtdriver_killprocess\mtdriver_killprocess\debug\mtdriver.6b0af623.tlog\inf2cat.command.1.tlog
c:\users\g4rb3n\source\repos\mtdriver_killprocess\mtdriver_killprocess\debug\mtdriver.6b0af623.tlog\inf2cat.read.1.tlog
c:\users\g4rb3n\source\repos\mtdriver_killprocess\mtdriver_killprocess\debug\mtdriver.6b0af623.tlog\inf2cat.write.1.tlog
c:\users\g4rb3n\source\repos\mtdriver_killprocess\mtdriver_killprocess\debug\mtdriver.6b0af623.tlog\link.command.1.tlog
c:\users\g4rb3n\source\repos\mtdriver_killprocess\mtdriver_killprocess\debug\mtdriver.6b0af623.tlog\link.read.1.tlog
c:\users\g4rb3n\source\repos\mtdriver_killprocess\mtdriver_killprocess\debug\mtdriver.6b0af623.tlog\link.write.1.tlog
c:\users\g4rb3n\source\repos\mtdriver_killprocess\mtdriver_killprocess\debug\mtdriver.6b0af623.tlog\signtool.command.1.tlog
c:\users\g4rb3n\source\repos\mtdriver_killprocess\mtdriver_killprocess\debug\mtdriver.6b0af623.tlog\signtool.read.1.tlog
c:\users\g4rb3n\source\repos\mtdriver_killprocess\mtdriver_killprocess\debug\mtdriver.6b0af623.tlog\signtool.timestamp.1.tlog
c:\users\g4rb3n\source\repos\mtdriver_killprocess\mtdriver_killprocess\debug\mtdriver.6b0af623.tlog\signtool.write.1.tlog
c:\users\g4rb3n\source\repos\mtdriver_killprocess\mtdriver_killprocess\debug\mtdriver.6b0af623.tlog\stampinf.command.1.tlog
c:\users\g4rb3n\source\repos\mtdriver_killprocess\mtdriver_killprocess\debug\mtdriver.6b0af623.tlog\stampinf.read.1.tlog
c:\users\g4rb3n\source\repos\mtdriver_killprocess\mtdriver_killprocess\debug\mtdriver.6b0af623.tlog\stampinf.write.1.tlog
