c:\users\g4rb3n\source\repos\mtdriver_checktime\mtdriver_checktime\debug\vc141.pdb
c:\users\g4rb3n\source\repos\mtdriver_checktime\mtdriver_checktime\debug\main.obj
c:\users\g4rb3n\source\repos\mtdriver_checktime\debug\mtdriver_checktime\mtdriver_checktime.cat
c:\users\g4rb3n\source\repos\mtdriver_checktime\debug\mtdriver_checktime.sys
c:\users\g4rb3n\source\repos\mtdriver_checktime\debug\mtdriver_checktime.pdb
c:\users\g4rb3n\source\repos\mtdriver_checktime\mtdriver_checktime\debug\mtdriver_checktime.inf
c:\users\g4rb3n\source\repos\mtdriver_checktime\debug\mtdriver_checktime.cer
c:\users\g4rb3n\source\repos\mtdriver_checktime\debug\mtdriver_checktime.inf
c:\users\g4rb3n\source\repos\mtdriver_checktime\mtdriver_checktime\debug\mtdriver.3be854ce.tlog\cl.command.1.tlog
c:\users\g4rb3n\source\repos\mtdriver_checktime\mtdriver_checktime\debug\mtdriver.3be854ce.tlog\cl.read.1.tlog
c:\users\g4rb3n\source\repos\mtdriver_checktime\mtdriver_checktime\debug\mtdriver.3be854ce.tlog\cl.write.1.tlog
c:\users\g4rb3n\source\repos\mtdriver_checktime\mtdriver_checktime\debug\mtdriver.3be854ce.tlog\inf2cat-expand.12592.read.1.tlog
c:\users\g4rb3n\source\repos\mtdriver_checktime\mtdriver_checktime\debug\mtdriver.3be854ce.tlog\inf2cat-expand.12592.write.1.tlog
c:\users\g4rb3n\source\repos\mtdriver_checktime\mtdriver_checktime\debug\mtdriver.3be854ce.tlog\inf2cat-expand.read.1.tlog
c:\users\g4rb3n\source\repos\mtdriver_checktime\mtdriver_checktime\debug\mtdriver.3be854ce.tlog\inf2cat-expand.write.1.tlog
c:\users\g4rb3n\source\repos\mtdriver_checktime\mtdriver_checktime\debug\mtdriver.3be854ce.tlog\inf2cat.command.1.tlog
c:\users\g4rb3n\source\repos\mtdriver_checktime\mtdriver_checktime\debug\mtdriver.3be854ce.tlog\inf2cat.read.1.tlog
c:\users\g4rb3n\source\repos\mtdriver_checktime\mtdriver_checktime\debug\mtdriver.3be854ce.tlog\inf2cat.write.1.tlog
c:\users\g4rb3n\source\repos\mtdriver_checktime\mtdriver_checktime\debug\mtdriver.3be854ce.tlog\link.command.1.tlog
c:\users\g4rb3n\source\repos\mtdriver_checktime\mtdriver_checktime\debug\mtdriver.3be854ce.tlog\link.read.1.tlog
c:\users\g4rb3n\source\repos\mtdriver_checktime\mtdriver_checktime\debug\mtdriver.3be854ce.tlog\link.write.1.tlog
c:\users\g4rb3n\source\repos\mtdriver_checktime\mtdriver_checktime\debug\mtdriver.3be854ce.tlog\signtool.command.1.tlog
c:\users\g4rb3n\source\repos\mtdriver_checktime\mtdriver_checktime\debug\mtdriver.3be854ce.tlog\signtool.read.1.tlog
c:\users\g4rb3n\source\repos\mtdriver_checktime\mtdriver_checktime\debug\mtdriver.3be854ce.tlog\signtool.timestamp.1.tlog
c:\users\g4rb3n\source\repos\mtdriver_checktime\mtdriver_checktime\debug\mtdriver.3be854ce.tlog\signtool.write.1.tlog
c:\users\g4rb3n\source\repos\mtdriver_checktime\mtdriver_checktime\debug\mtdriver.3be854ce.tlog\stampinf.command.1.tlog
c:\users\g4rb3n\source\repos\mtdriver_checktime\mtdriver_checktime\debug\mtdriver.3be854ce.tlog\stampinf.read.1.tlog
c:\users\g4rb3n\source\repos\mtdriver_checktime\mtdriver_checktime\debug\mtdriver.3be854ce.tlog\stampinf.write.1.tlog
