c:\users\g4rb3n\source\repos\mtdriver_callback\mtdriver_callback\debug\vc141.pdb
c:\users\g4rb3n\source\repos\mtdriver_callback\mtdriver_callback\debug\main.obj
c:\users\g4rb3n\source\repos\mtdriver_callback\debug\mtdriver_callback\mtdriver_callback.cat
c:\users\g4rb3n\source\repos\mtdriver_callback\debug\mtdriver_callback.sys
c:\users\g4rb3n\source\repos\mtdriver_callback\debug\mtdriver_callback.pdb
c:\users\g4rb3n\source\repos\mtdriver_callback\mtdriver_callback\debug\mtdriver_callback.inf
c:\users\g4rb3n\source\repos\mtdriver_callback\debug\mtdriver_callback.cer
c:\users\g4rb3n\source\repos\mtdriver_callback\debug\mtdriver_callback.inf
c:\users\g4rb3n\source\repos\mtdriver_callback\mtdriver_callback\debug\mtdriver.a4eeae48.tlog\cl.command.1.tlog
c:\users\g4rb3n\source\repos\mtdriver_callback\mtdriver_callback\debug\mtdriver.a4eeae48.tlog\cl.read.1.tlog
c:\users\g4rb3n\source\repos\mtdriver_callback\mtdriver_callback\debug\mtdriver.a4eeae48.tlog\cl.write.1.tlog
c:\users\g4rb3n\source\repos\mtdriver_callback\mtdriver_callback\debug\mtdriver.a4eeae48.tlog\inf2cat-expand.7152.read.1.tlog
c:\users\g4rb3n\source\repos\mtdriver_callback\mtdriver_callback\debug\mtdriver.a4eeae48.tlog\inf2cat-expand.7152.write.1.tlog
c:\users\g4rb3n\source\repos\mtdriver_callback\mtdriver_callback\debug\mtdriver.a4eeae48.tlog\inf2cat-expand.read.1.tlog
c:\users\g4rb3n\source\repos\mtdriver_callback\mtdriver_callback\debug\mtdriver.a4eeae48.tlog\inf2cat-expand.write.1.tlog
c:\users\g4rb3n\source\repos\mtdriver_callback\mtdriver_callback\debug\mtdriver.a4eeae48.tlog\inf2cat.command.1.tlog
c:\users\g4rb3n\source\repos\mtdriver_callback\mtdriver_callback\debug\mtdriver.a4eeae48.tlog\inf2cat.read.1.tlog
c:\users\g4rb3n\source\repos\mtdriver_callback\mtdriver_callback\debug\mtdriver.a4eeae48.tlog\inf2cat.read.9.tlog
c:\users\g4rb3n\source\repos\mtdriver_callback\mtdriver_callback\debug\mtdriver.a4eeae48.tlog\inf2cat.write.1.tlog
c:\users\g4rb3n\source\repos\mtdriver_callback\mtdriver_callback\debug\mtdriver.a4eeae48.tlog\inf2cat.write.9.tlog
c:\users\g4rb3n\source\repos\mtdriver_callback\mtdriver_callback\debug\mtdriver.a4eeae48.tlog\link.command.1.tlog
c:\users\g4rb3n\source\repos\mtdriver_callback\mtdriver_callback\debug\mtdriver.a4eeae48.tlog\link.read.1.tlog
c:\users\g4rb3n\source\repos\mtdriver_callback\mtdriver_callback\debug\mtdriver.a4eeae48.tlog\link.write.1.tlog
c:\users\g4rb3n\source\repos\mtdriver_callback\mtdriver_callback\debug\mtdriver.a4eeae48.tlog\signtool.command.1.tlog
c:\users\g4rb3n\source\repos\mtdriver_callback\mtdriver_callback\debug\mtdriver.a4eeae48.tlog\signtool.read.1.tlog
c:\users\g4rb3n\source\repos\mtdriver_callback\mtdriver_callback\debug\mtdriver.a4eeae48.tlog\signtool.timestamp.1.tlog
c:\users\g4rb3n\source\repos\mtdriver_callback\mtdriver_callback\debug\mtdriver.a4eeae48.tlog\signtool.write.1.tlog
c:\users\g4rb3n\source\repos\mtdriver_callback\mtdriver_callback\debug\mtdriver.a4eeae48.tlog\stampinf.command.1.tlog
c:\users\g4rb3n\source\repos\mtdriver_callback\mtdriver_callback\debug\mtdriver.a4eeae48.tlog\stampinf.read.1.tlog
c:\users\g4rb3n\source\repos\mtdriver_callback\mtdriver_callback\debug\mtdriver.a4eeae48.tlog\stampinf.write.1.tlog
