c:\users\g4rb3n\source\repos\mtdriver_thread\mtdriver_thread\debug\vc141.pdb
c:\users\g4rb3n\source\repos\mtdriver_thread\mtdriver_thread\debug\main.obj
c:\users\g4rb3n\source\repos\mtdriver_thread\debug\mtdriver_thread\mtdriver_thread.cat
c:\users\g4rb3n\source\repos\mtdriver_thread\debug\mtdriver_thread.sys
c:\users\g4rb3n\source\repos\mtdriver_thread\debug\mtdriver_thread.pdb
c:\users\g4rb3n\source\repos\mtdriver_thread\mtdriver_thread\debug\mtdriver_thread.inf
c:\users\g4rb3n\source\repos\mtdriver_thread\debug\mtdriver_thread.cer
c:\users\g4rb3n\source\repos\mtdriver_thread\debug\mtdriver_thread.inf
c:\users\g4rb3n\source\repos\mtdriver_thread\mtdriver_thread\debug\mtdriver_thread.tlog\cl.command.1.tlog
c:\users\g4rb3n\source\repos\mtdriver_thread\mtdriver_thread\debug\mtdriver_thread.tlog\cl.read.1.tlog
c:\users\g4rb3n\source\repos\mtdriver_thread\mtdriver_thread\debug\mtdriver_thread.tlog\cl.write.1.tlog
c:\users\g4rb3n\source\repos\mtdriver_thread\mtdriver_thread\debug\mtdriver_thread.tlog\inf2cat-expand.14480.read.1.tlog
c:\users\g4rb3n\source\repos\mtdriver_thread\mtdriver_thread\debug\mtdriver_thread.tlog\inf2cat-expand.14480.write.1.tlog
c:\users\g4rb3n\source\repos\mtdriver_thread\mtdriver_thread\debug\mtdriver_thread.tlog\inf2cat-expand.read.1.tlog
c:\users\g4rb3n\source\repos\mtdriver_thread\mtdriver_thread\debug\mtdriver_thread.tlog\inf2cat-expand.write.1.tlog
c:\users\g4rb3n\source\repos\mtdriver_thread\mtdriver_thread\debug\mtdriver_thread.tlog\inf2cat.command.1.tlog
c:\users\g4rb3n\source\repos\mtdriver_thread\mtdriver_thread\debug\mtdriver_thread.tlog\inf2cat.read.1.tlog
c:\users\g4rb3n\source\repos\mtdriver_thread\mtdriver_thread\debug\mtdriver_thread.tlog\inf2cat.write.1.tlog
c:\users\g4rb3n\source\repos\mtdriver_thread\mtdriver_thread\debug\mtdriver_thread.tlog\link.command.1.tlog
c:\users\g4rb3n\source\repos\mtdriver_thread\mtdriver_thread\debug\mtdriver_thread.tlog\link.read.1.tlog
c:\users\g4rb3n\source\repos\mtdriver_thread\mtdriver_thread\debug\mtdriver_thread.tlog\link.write.1.tlog
c:\users\g4rb3n\source\repos\mtdriver_thread\mtdriver_thread\debug\mtdriver_thread.tlog\signtool.command.1.tlog
c:\users\g4rb3n\source\repos\mtdriver_thread\mtdriver_thread\debug\mtdriver_thread.tlog\signtool.read.1.tlog
c:\users\g4rb3n\source\repos\mtdriver_thread\mtdriver_thread\debug\mtdriver_thread.tlog\signtool.timestamp.1.tlog
c:\users\g4rb3n\source\repos\mtdriver_thread\mtdriver_thread\debug\mtdriver_thread.tlog\signtool.write.1.tlog
c:\users\g4rb3n\source\repos\mtdriver_thread\mtdriver_thread\debug\mtdriver_thread.tlog\stampinf.command.1.tlog
c:\users\g4rb3n\source\repos\mtdriver_thread\mtdriver_thread\debug\mtdriver_thread.tlog\stampinf.read.1.tlog
c:\users\g4rb3n\source\repos\mtdriver_thread\mtdriver_thread\debug\mtdriver_thread.tlog\stampinf.write.1.tlog
