  Building 'MTDriver_InlineHook' with toolset 'WindowsKernelModeDriver10.0' and the 'Desktop' target platform.
  Stamping Debug\MTDriver_InlineHook.inf
  Stamping [Version] section with DriverVer=01/04/2019,14.40.3.384
  main.c
c:\users\g4rb3n\source\repos\mtdriver_inlinehook\mtdriver_inlinehook\main.c(17): warning C4100: “dDriver”: 未引用的形参
c:\users\g4rb3n\source\repos\mtdriver_inlinehook\mtdriver_inlinehook\main.c(75): warning C4100: “PerformanceFrequency”: 未引用的形参
c:\users\g4rb3n\source\repos\mtdriver_inlinehook\mtdriver_inlinehook\main.c(149): warning C4152: 非标准扩展，表达式中的函数/数据指针转换
c:\users\g4rb3n\source\repos\mtdriver_inlinehook\mtdriver_inlinehook\main.c(152): warning C4152: 非标准扩展，表达式中的函数/数据指针转换
c:\users\g4rb3n\source\repos\mtdriver_inlinehook\mtdriver_inlinehook\main.c(128): warning C4100: “RegPath”: 未引用的形参
  MTDriver_InlineHook.vcxproj -> C:\Users\G4rb3n\source\repos\MTDriver_InlineHook\Debug\MTDriver_InlineHook.sys
  Done Adding Additional Store
  Successfully signed: C:\Users\G4rb3n\source\repos\MTDriver_InlineHook\Debug\MTDriver_InlineHook.sys
  
  .........................
  Signability test complete.
  
  Errors:
  None
  
  Warnings:
  None
  
  Catalog generation complete.
  C:\Users\G4rb3n\source\repos\MTDriver_InlineHook\Debug\MTDriver_InlineHook\mtdriver_inlinehook.cat
  Done Adding Additional Store
  Successfully signed: C:\Users\G4rb3n\source\repos\MTDriver_InlineHook\Debug\MTDriver_InlineHook\mtdriver_inlinehook.cat
  
