c:\users\g4rb3n\source\repos\mtdriver_fsdhook\mtdriver_fsdhook\debug\vc141.pdb
c:\users\g4rb3n\source\repos\mtdriver_fsdhook\mtdriver_fsdhook\debug\main.obj
c:\users\g4rb3n\source\repos\mtdriver_fsdhook\debug\mtdriver_fsdhook\mtdriver_fsdhook.cat
c:\users\g4rb3n\source\repos\mtdriver_fsdhook\debug\mtdriver_fsdhook.sys
c:\users\g4rb3n\source\repos\mtdriver_fsdhook\debug\mtdriver_fsdhook.pdb
c:\users\g4rb3n\source\repos\mtdriver_fsdhook\mtdriver_fsdhook\debug\mtdriver_fsdhook.inf
c:\users\g4rb3n\source\repos\mtdriver_fsdhook\debug\mtdriver_fsdhook.cer
c:\users\g4rb3n\source\repos\mtdriver_fsdhook\debug\mtdriver_fsdhook.inf
c:\users\g4rb3n\source\repos\mtdriver_fsdhook\mtdriver_fsdhook\debug\mtdriver_fsdhook.tlog\cl.command.1.tlog
c:\users\g4rb3n\source\repos\mtdriver_fsdhook\mtdriver_fsdhook\debug\mtdriver_fsdhook.tlog\cl.read.1.tlog
c:\users\g4rb3n\source\repos\mtdriver_fsdhook\mtdriver_fsdhook\debug\mtdriver_fsdhook.tlog\cl.write.1.tlog
c:\users\g4rb3n\source\repos\mtdriver_fsdhook\mtdriver_fsdhook\debug\mtdriver_fsdhook.tlog\inf2cat-expand.14876.read.1.tlog
c:\users\g4rb3n\source\repos\mtdriver_fsdhook\mtdriver_fsdhook\debug\mtdriver_fsdhook.tlog\inf2cat-expand.14876.write.1.tlog
c:\users\g4rb3n\source\repos\mtdriver_fsdhook\mtdriver_fsdhook\debug\mtdriver_fsdhook.tlog\inf2cat-expand.read.1.tlog
c:\users\g4rb3n\source\repos\mtdriver_fsdhook\mtdriver_fsdhook\debug\mtdriver_fsdhook.tlog\inf2cat-expand.write.1.tlog
c:\users\g4rb3n\source\repos\mtdriver_fsdhook\mtdriver_fsdhook\debug\mtdriver_fsdhook.tlog\inf2cat.command.1.tlog
c:\users\g4rb3n\source\repos\mtdriver_fsdhook\mtdriver_fsdhook\debug\mtdriver_fsdhook.tlog\inf2cat.read.1.tlog
c:\users\g4rb3n\source\repos\mtdriver_fsdhook\mtdriver_fsdhook\debug\mtdriver_fsdhook.tlog\inf2cat.write.1.tlog
c:\users\g4rb3n\source\repos\mtdriver_fsdhook\mtdriver_fsdhook\debug\mtdriver_fsdhook.tlog\link.command.1.tlog
c:\users\g4rb3n\source\repos\mtdriver_fsdhook\mtdriver_fsdhook\debug\mtdriver_fsdhook.tlog\link.read.1.tlog
c:\users\g4rb3n\source\repos\mtdriver_fsdhook\mtdriver_fsdhook\debug\mtdriver_fsdhook.tlog\link.write.1.tlog
c:\users\g4rb3n\source\repos\mtdriver_fsdhook\mtdriver_fsdhook\debug\mtdriver_fsdhook.tlog\signtool.command.1.tlog
c:\users\g4rb3n\source\repos\mtdriver_fsdhook\mtdriver_fsdhook\debug\mtdriver_fsdhook.tlog\signtool.read.1.tlog
c:\users\g4rb3n\source\repos\mtdriver_fsdhook\mtdriver_fsdhook\debug\mtdriver_fsdhook.tlog\signtool.timestamp.1.tlog
c:\users\g4rb3n\source\repos\mtdriver_fsdhook\mtdriver_fsdhook\debug\mtdriver_fsdhook.tlog\signtool.write.1.tlog
c:\users\g4rb3n\source\repos\mtdriver_fsdhook\mtdriver_fsdhook\debug\mtdriver_fsdhook.tlog\stampinf.command.1.tlog
c:\users\g4rb3n\source\repos\mtdriver_fsdhook\mtdriver_fsdhook\debug\mtdriver_fsdhook.tlog\stampinf.read.1.tlog
c:\users\g4rb3n\source\repos\mtdriver_fsdhook\mtdriver_fsdhook\debug\mtdriver_fsdhook.tlog\stampinf.write.1.tlog
