c:\users\g4rb3n\source\repos\mtdriver_communication\mtdriver_communication\debug\vc141.pdb
c:\users\g4rb3n\source\repos\mtdriver_communication\mtdriver_communication\debug\main.obj
c:\users\g4rb3n\source\repos\mtdriver_communication\debug\mtdriver_communication\mtdriver_communication.cat
c:\users\g4rb3n\source\repos\mtdriver_communication\debug\mtdriver_communication.sys
c:\users\g4rb3n\source\repos\mtdriver_communication\debug\mtdriver_communication.pdb
c:\users\g4rb3n\source\repos\mtdriver_communication\mtdriver_communication\debug\mtdriver_communication.inf
c:\users\g4rb3n\source\repos\mtdriver_communication\debug\mtdriver_communication.cer
c:\users\g4rb3n\source\repos\mtdriver_communication\debug\mtdriver_communication.inf
c:\users\g4rb3n\source\repos\mtdriver_communication\mtdriver_communication\debug\mtdriver.f4b8434b.tlog\cl.command.1.tlog
c:\users\g4rb3n\source\repos\mtdriver_communication\mtdriver_communication\debug\mtdriver.f4b8434b.tlog\cl.read.1.tlog
c:\users\g4rb3n\source\repos\mtdriver_communication\mtdriver_communication\debug\mtdriver.f4b8434b.tlog\cl.write.1.tlog
c:\users\g4rb3n\source\repos\mtdriver_communication\mtdriver_communication\debug\mtdriver.f4b8434b.tlog\inf2cat-expand.21712.read.1.tlog
c:\users\g4rb3n\source\repos\mtdriver_communication\mtdriver_communication\debug\mtdriver.f4b8434b.tlog\inf2cat-expand.21712.write.1.tlog
c:\users\g4rb3n\source\repos\mtdriver_communication\mtdriver_communication\debug\mtdriver.f4b8434b.tlog\inf2cat-expand.read.1.tlog
c:\users\g4rb3n\source\repos\mtdriver_communication\mtdriver_communication\debug\mtdriver.f4b8434b.tlog\inf2cat-expand.write.1.tlog
c:\users\g4rb3n\source\repos\mtdriver_communication\mtdriver_communication\debug\mtdriver.f4b8434b.tlog\inf2cat.command.1.tlog
c:\users\g4rb3n\source\repos\mtdriver_communication\mtdriver_communication\debug\mtdriver.f4b8434b.tlog\inf2cat.read.1.tlog
c:\users\g4rb3n\source\repos\mtdriver_communication\mtdriver_communication\debug\mtdriver.f4b8434b.tlog\inf2cat.read.9.tlog
c:\users\g4rb3n\source\repos\mtdriver_communication\mtdriver_communication\debug\mtdriver.f4b8434b.tlog\inf2cat.write.1.tlog
c:\users\g4rb3n\source\repos\mtdriver_communication\mtdriver_communication\debug\mtdriver.f4b8434b.tlog\inf2cat.write.9.tlog
c:\users\g4rb3n\source\repos\mtdriver_communication\mtdriver_communication\debug\mtdriver.f4b8434b.tlog\link.command.1.tlog
c:\users\g4rb3n\source\repos\mtdriver_communication\mtdriver_communication\debug\mtdriver.f4b8434b.tlog\link.read.1.tlog
c:\users\g4rb3n\source\repos\mtdriver_communication\mtdriver_communication\debug\mtdriver.f4b8434b.tlog\link.write.1.tlog
c:\users\g4rb3n\source\repos\mtdriver_communication\mtdriver_communication\debug\mtdriver.f4b8434b.tlog\signtool.command.1.tlog
c:\users\g4rb3n\source\repos\mtdriver_communication\mtdriver_communication\debug\mtdriver.f4b8434b.tlog\signtool.read.1.tlog
c:\users\g4rb3n\source\repos\mtdriver_communication\mtdriver_communication\debug\mtdriver.f4b8434b.tlog\signtool.timestamp.1.tlog
c:\users\g4rb3n\source\repos\mtdriver_communication\mtdriver_communication\debug\mtdriver.f4b8434b.tlog\signtool.write.1.tlog
c:\users\g4rb3n\source\repos\mtdriver_communication\mtdriver_communication\debug\mtdriver.f4b8434b.tlog\stampinf.command.1.tlog
c:\users\g4rb3n\source\repos\mtdriver_communication\mtdriver_communication\debug\mtdriver.f4b8434b.tlog\stampinf.read.1.tlog
c:\users\g4rb3n\source\repos\mtdriver_communication\mtdriver_communication\debug\mtdriver.f4b8434b.tlog\stampinf.write.1.tlog
