c:\users\g4rb3n\source\repos\mtdriver_keyboard\mtdriver_keyboard\debug\vc141.pdb
c:\users\g4rb3n\source\repos\mtdriver_keyboard\mtdriver_keyboard\debug\main.obj
c:\users\g4rb3n\source\repos\mtdriver_keyboard\debug\mtdriver_keyboard\mtdriver_keyboard.cat
c:\users\g4rb3n\source\repos\mtdriver_keyboard\debug\mtdriver_keyboard.sys
c:\users\g4rb3n\source\repos\mtdriver_keyboard\debug\mtdriver_keyboard.pdb
c:\users\g4rb3n\source\repos\mtdriver_keyboard\mtdriver_keyboard\debug\mtdriver_keyboard.inf
c:\users\g4rb3n\source\repos\mtdriver_keyboard\debug\mtdriver_keyboard.cer
c:\users\g4rb3n\source\repos\mtdriver_keyboard\debug\mtdriver_keyboard.inf
c:\users\g4rb3n\source\repos\mtdriver_keyboard\mtdriver_keyboard\debug\mtdriver.7349adce.tlog\cl.command.1.tlog
c:\users\g4rb3n\source\repos\mtdriver_keyboard\mtdriver_keyboard\debug\mtdriver.7349adce.tlog\cl.read.1.tlog
c:\users\g4rb3n\source\repos\mtdriver_keyboard\mtdriver_keyboard\debug\mtdriver.7349adce.tlog\cl.write.1.tlog
c:\users\g4rb3n\source\repos\mtdriver_keyboard\mtdriver_keyboard\debug\mtdriver.7349adce.tlog\inf2cat-expand.15620.read.1.tlog
c:\users\g4rb3n\source\repos\mtdriver_keyboard\mtdriver_keyboard\debug\mtdriver.7349adce.tlog\inf2cat-expand.15620.write.1.tlog
c:\users\g4rb3n\source\repos\mtdriver_keyboard\mtdriver_keyboard\debug\mtdriver.7349adce.tlog\inf2cat-expand.read.1.tlog
c:\users\g4rb3n\source\repos\mtdriver_keyboard\mtdriver_keyboard\debug\mtdriver.7349adce.tlog\inf2cat-expand.write.1.tlog
c:\users\g4rb3n\source\repos\mtdriver_keyboard\mtdriver_keyboard\debug\mtdriver.7349adce.tlog\inf2cat.command.1.tlog
c:\users\g4rb3n\source\repos\mtdriver_keyboard\mtdriver_keyboard\debug\mtdriver.7349adce.tlog\inf2cat.read.1.tlog
c:\users\g4rb3n\source\repos\mtdriver_keyboard\mtdriver_keyboard\debug\mtdriver.7349adce.tlog\inf2cat.write.1.tlog
c:\users\g4rb3n\source\repos\mtdriver_keyboard\mtdriver_keyboard\debug\mtdriver.7349adce.tlog\link.command.1.tlog
c:\users\g4rb3n\source\repos\mtdriver_keyboard\mtdriver_keyboard\debug\mtdriver.7349adce.tlog\link.read.1.tlog
c:\users\g4rb3n\source\repos\mtdriver_keyboard\mtdriver_keyboard\debug\mtdriver.7349adce.tlog\link.write.1.tlog
c:\users\g4rb3n\source\repos\mtdriver_keyboard\mtdriver_keyboard\debug\mtdriver.7349adce.tlog\signtool.command.1.tlog
c:\users\g4rb3n\source\repos\mtdriver_keyboard\mtdriver_keyboard\debug\mtdriver.7349adce.tlog\signtool.read.1.tlog
c:\users\g4rb3n\source\repos\mtdriver_keyboard\mtdriver_keyboard\debug\mtdriver.7349adce.tlog\signtool.timestamp.1.tlog
c:\users\g4rb3n\source\repos\mtdriver_keyboard\mtdriver_keyboard\debug\mtdriver.7349adce.tlog\signtool.write.1.tlog
c:\users\g4rb3n\source\repos\mtdriver_keyboard\mtdriver_keyboard\debug\mtdriver.7349adce.tlog\stampinf.command.1.tlog
c:\users\g4rb3n\source\repos\mtdriver_keyboard\mtdriver_keyboard\debug\mtdriver.7349adce.tlog\stampinf.read.1.tlog
c:\users\g4rb3n\source\repos\mtdriver_keyboard\mtdriver_keyboard\debug\mtdriver.7349adce.tlog\stampinf.write.1.tlog
