c:\users\g4rb3n\source\repos\mtdriver_inlinehook\mtdriver_inlinehook\debug\vc141.pdb
c:\users\g4rb3n\source\repos\mtdriver_inlinehook\mtdriver_inlinehook\debug\main.obj
c:\users\g4rb3n\source\repos\mtdriver_inlinehook\debug\mtdriver_inlinehook\mtdriver_inlinehook.cat
c:\users\g4rb3n\source\repos\mtdriver_inlinehook\debug\mtdriver_inlinehook.sys
c:\users\g4rb3n\source\repos\mtdriver_inlinehook\debug\mtdriver_inlinehook.pdb
c:\users\g4rb3n\source\repos\mtdriver_inlinehook\mtdriver_inlinehook\debug\mtdriver_inlinehook.inf
c:\users\g4rb3n\source\repos\mtdriver_inlinehook\debug\mtdriver_inlinehook.cer
c:\users\g4rb3n\source\repos\mtdriver_inlinehook\debug\mtdriver_inlinehook.inf
c:\users\g4rb3n\source\repos\mtdriver_inlinehook\mtdriver_inlinehook\debug\mtdriver.c37e8113.tlog\cl.command.1.tlog
c:\users\g4rb3n\source\repos\mtdriver_inlinehook\mtdriver_inlinehook\debug\mtdriver.c37e8113.tlog\cl.read.1.tlog
c:\users\g4rb3n\source\repos\mtdriver_inlinehook\mtdriver_inlinehook\debug\mtdriver.c37e8113.tlog\cl.write.1.tlog
c:\users\g4rb3n\source\repos\mtdriver_inlinehook\mtdriver_inlinehook\debug\mtdriver.c37e8113.tlog\inf2cat-expand.4364.read.1.tlog
c:\users\g4rb3n\source\repos\mtdriver_inlinehook\mtdriver_inlinehook\debug\mtdriver.c37e8113.tlog\inf2cat-expand.4364.write.1.tlog
c:\users\g4rb3n\source\repos\mtdriver_inlinehook\mtdriver_inlinehook\debug\mtdriver.c37e8113.tlog\inf2cat-expand.read.1.tlog
c:\users\g4rb3n\source\repos\mtdriver_inlinehook\mtdriver_inlinehook\debug\mtdriver.c37e8113.tlog\inf2cat-expand.write.1.tlog
c:\users\g4rb3n\source\repos\mtdriver_inlinehook\mtdriver_inlinehook\debug\mtdriver.c37e8113.tlog\inf2cat.command.1.tlog
c:\users\g4rb3n\source\repos\mtdriver_inlinehook\mtdriver_inlinehook\debug\mtdriver.c37e8113.tlog\inf2cat.read.1.tlog
c:\users\g4rb3n\source\repos\mtdriver_inlinehook\mtdriver_inlinehook\debug\mtdriver.c37e8113.tlog\inf2cat.write.1.tlog
c:\users\g4rb3n\source\repos\mtdriver_inlinehook\mtdriver_inlinehook\debug\mtdriver.c37e8113.tlog\link.command.1.tlog
c:\users\g4rb3n\source\repos\mtdriver_inlinehook\mtdriver_inlinehook\debug\mtdriver.c37e8113.tlog\link.read.1.tlog
c:\users\g4rb3n\source\repos\mtdriver_inlinehook\mtdriver_inlinehook\debug\mtdriver.c37e8113.tlog\link.write.1.tlog
c:\users\g4rb3n\source\repos\mtdriver_inlinehook\mtdriver_inlinehook\debug\mtdriver.c37e8113.tlog\signtool.command.1.tlog
c:\users\g4rb3n\source\repos\mtdriver_inlinehook\mtdriver_inlinehook\debug\mtdriver.c37e8113.tlog\signtool.read.1.tlog
c:\users\g4rb3n\source\repos\mtdriver_inlinehook\mtdriver_inlinehook\debug\mtdriver.c37e8113.tlog\signtool.timestamp.1.tlog
c:\users\g4rb3n\source\repos\mtdriver_inlinehook\mtdriver_inlinehook\debug\mtdriver.c37e8113.tlog\signtool.write.1.tlog
c:\users\g4rb3n\source\repos\mtdriver_inlinehook\mtdriver_inlinehook\debug\mtdriver.c37e8113.tlog\stampinf.command.1.tlog
c:\users\g4rb3n\source\repos\mtdriver_inlinehook\mtdriver_inlinehook\debug\mtdriver.c37e8113.tlog\stampinf.read.1.tlog
c:\users\g4rb3n\source\repos\mtdriver_inlinehook\mtdriver_inlinehook\debug\mtdriver.c37e8113.tlog\stampinf.write.1.tlog
